Looking for evaluator-specific configuration in the following files, directories and resources:
        /home/ort/.ort/config/copyright-garbage.yml
        /home/ort/.ort/config/license-classifications.yml
        /home/ort/.ort/config/resolutions.yml
        /home/ort/.ort/config/rules.kts
09:45:29.467 [main] WARN  org.ossreviewtoolkit.evaluator.RuleSet - Could not find package for dependency NPM::ms:2.1.2, skipping rule COPYLEFT_IN_DEPENDENCY.
09:45:29.475 [main] WARN  org.ossreviewtoolkit.evaluator.RuleSet - Could not find package for dependency NPM::fast-deep-equal:3.1.3, skipping rule COPYLEFT_IN_DEPENDENCY.
09:45:29.476 [main] WARN  org.ossreviewtoolkit.evaluator.RuleSet - Could not find package for dependency NPM::fast-deep-equal:3.1.3, skipping rule COPYLEFT_IN_DEPENDENCY.
09:45:29.479 [main] WARN  org.ossreviewtoolkit.evaluator.RuleSet - Could not find package for dependency NPM::punycode:2.3.1, skipping rule COPYLEFT_IN_DEPENDENCY.
09:45:29.481 [main] WARN  org.ossreviewtoolkit.evaluator.RuleSet - Could not find package for dependency NPM::base64-js:1.5.1, skipping rule 
09:45:29.482 [main] WARN  org.ossreviewtoolkit.evaluator.RuleSet - Could not find package for dependency NPM::punycode:2.3.1, skipping rule COPYLEFT_IN_DEPENDENCY.

And more..


Exception in thread "main" org.ossreviewtoolkit.downloader.DownloadException: Download failed for ':::'.
	at org.ossreviewtoolkit.downloader.Downloader.download(Downloader.kt:76)
	at org.ossreviewtoolkit.downloader.Downloader.download$default(Downloader.kt:71)
	at org.ossreviewtoolkit.evaluator.SourceTreeResolver$Companion.forRemoteRepository$lambda$0(SourceTreeResolver.kt:42)
	…
	at com.github.ajalt.clikt.core.CoreCliktCommandKt.parse(CoreCliktCommand.kt:107)
	at com.github.ajalt.clikt.core.CoreCliktCommandKt.main(CoreCliktCommand.kt:78)
	at com.github.ajalt.clikt.core.CoreCliktCommandKt.main(CoreCliktCommand.kt:90)
	at org.ossreviewtoolkit.cli.OrtMainKt.main(OrtMain.kt:86)
	Suppressed: org.ossreviewtoolkit.downloader.DownloadException: Git failed to download from https://github.com/eclipse-tractusx/puris.git to '/tmp/ort-Companion9382104167708608344'.
		at org.ossreviewtoolkit.downloader.VersionControlSystem.download(VersionControlSystem.kt:254)
		at org.ossreviewtoolkit.downloader.Downloader.handleVcsDownload(Downloader.kt:110)
		at org.ossreviewtoolkit.downloader.Downloader.download(Downloader.kt:82)
		... 38 more
	Caused by: java.io.IOException: Running 'git checkout fa255a0b5b2a8a9ee296e7621ea99661f4a12dec' in '/tmp/ort-Companion9382104167708608344' failed with exit code 128:
fatal: reference is not a tree: fa255a0b5b2a8a9ee296e7621ea99661f4a12dec

		at org.ossreviewtoolkit.utils.common.ProcessCapture.requireSuccess(ProcessCapture.kt:157)
		at org.ossreviewtoolkit.plugins.versioncontrolsystems.git.Git.runGit(Git.kt:339)
		at org.ossreviewtoolkit.plugins.versioncontrolsystems.git.Git.updateWorkingTree-BWLJW6A(Git.kt:194)
		at org.ossreviewtoolkit.downloader.VersionControlSystem.download(VersionControlSystem.kt:249)
		... 42 more
❌ Evaluator result missing or empty.
